2026-03-30 20:16:10 - __main__ - ERROR - Failed to start bot
Traceback (most recent call last):
  File "D:\Music bot\bot\__main__.py", line 39, in main
    userbots = await init_userbots()
               ^^^^^^^^^^^^^^^^^^^^^
  File "D:\Music bot\bot\core\userbot.py", line 25, in init_userbots
    raise RuntimeError("API_ID and API_HASH are required when TELEGRAM_ENABLED is true")
RuntimeError: API_ID and API_HASH are required when TELEGRAM_ENABLED is true
2026-03-30 20:19:13 - __main__ - ERROR - Failed to start bot
Traceback (most recent call last):
  File "D:\Music bot\bot\__main__.py", line 39, in main
    userbots = await init_userbots()
               ^^^^^^^^^^^^^^^^^^^^^
  File "D:\Music bot\bot\core\userbot.py", line 25, in init_userbots
    raise RuntimeError("API_ID and API_HASH are required when TELEGRAM_ENABLED is true")
RuntimeError: API_ID and API_HASH are required when TELEGRAM_ENABLED is true
2026-03-30 20:26:01 - __main__ - ERROR - Failed to start bot
Traceback (most recent call last):
  File "D:\Music bot\bot\__main__.py", line 39, in main
    userbots = await init_userbots()
               ^^^^^^^^^^^^^^^^^^^^^
  File "D:\Music bot\bot\core\userbot.py", line 25, in init_userbots
    raise RuntimeError("API_ID and API_HASH are required when TELEGRAM_ENABLED is true")
RuntimeError: API_ID and API_HASH are required when TELEGRAM_ENABLED is true
2026-03-30 20:27:56 - __main__ - ERROR - Failed to start bot
Traceback (most recent call last):
  File "D:\Music bot\bot\__main__.py", line 39, in main
    userbots = await init_userbots()
               ^^^^^^^^^^^^^^^^^^^^^
  File "D:\Music bot\bot\core\userbot.py", line 25, in init_userbots
    raise RuntimeError("API_ID and API_HASH are required when TELEGRAM_ENABLED is true")
RuntimeError: API_ID and API_HASH are required when TELEGRAM_ENABLED is true
2026-03-30 20:38:25 - bot.core.userbot - ERROR - Failed to start userbot 1: unpack requires a buffer of 271 bytes
2026-03-30 20:38:25 - __main__ - ERROR - Failed to start bot
Traceback (most recent call last):
  File "D:\Music bot\bot\core\userbot.py", line 41, in init_userbots
    await client.start()
  File "D:\Music bot\.venv\Lib\site-packages\pyrogram\methods\utilities\start.py", line 58, in start
    is_authorized = await self.connect()
                    ^^^^^^^^^^^^^^^^^^^^
  File "D:\Music bot\.venv\Lib\site-packages\pyrogram\methods\auth\connect.py", line 40, in connect
    await self.load_session()
  File "D:\Music bot\.venv\Lib\site-packages\pyrogram\client.py", line 616, in load_session
    await self.storage.open()
  File "D:\Music bot\.venv\Lib\site-packages\pyrogram\storage\memory_storage.py", line 59, in open
    dc_id, api_id, test_mode, auth_key, user_id, is_bot = struct.unpack(
                                                          ^^^^^^^^^^^^^^
struct.error: unpack requires a buffer of 271 bytes

During handling of the above exception, another exception occurred:

Traceback (most recent call last):
  File "D:\Music bot\bot\__main__.py", line 39, in main
    userbots = await init_userbots()
               ^^^^^^^^^^^^^^^^^^^^^
  File "D:\Music bot\bot\core\userbot.py", line 50, in init_userbots
    raise RuntimeError(f"Required userbot 1 failed to start: {e}")
RuntimeError: Required userbot 1 failed to start: unpack requires a buffer of 271 bytes
2026-03-30 20:43:37 - bot.core.userbot - ERROR - Failed to start userbot 1: unpack requires a buffer of 271 bytes
2026-03-30 20:43:37 - __main__ - ERROR - Failed to start bot
Traceback (most recent call last):
  File "D:\Music bot\bot\core\userbot.py", line 41, in init_userbots
    await client.start()
  File "D:\Music bot\.venv\Lib\site-packages\pyrogram\methods\utilities\start.py", line 58, in start
    is_authorized = await self.connect()
                    ^^^^^^^^^^^^^^^^^^^^
  File "D:\Music bot\.venv\Lib\site-packages\pyrogram\methods\auth\connect.py", line 40, in connect
    await self.load_session()
  File "D:\Music bot\.venv\Lib\site-packages\pyrogram\client.py", line 616, in load_session
    await self.storage.open()
  File "D:\Music bot\.venv\Lib\site-packages\pyrogram\storage\memory_storage.py", line 59, in open
    dc_id, api_id, test_mode, auth_key, user_id, is_bot = struct.unpack(
                                                          ^^^^^^^^^^^^^^
struct.error: unpack requires a buffer of 271 bytes

During handling of the above exception, another exception occurred:

Traceback (most recent call last):
  File "D:\Music bot\bot\__main__.py", line 39, in main
    userbots = await init_userbots()
               ^^^^^^^^^^^^^^^^^^^^^
  File "D:\Music bot\bot\core\userbot.py", line 50, in init_userbots
    raise RuntimeError(f"Required userbot 1 failed to start: {e}")
RuntimeError: Required userbot 1 failed to start: unpack requires a buffer of 271 bytes
2026-03-30 20:56:10 - __main__ - ERROR - Failed to start bot
Traceback (most recent call last):
  File "D:\Music bot\bot\__main__.py", line 44, in main
    await init_calls(userbots)
  File "D:\Music bot\bot\core\call.py", line 222, in init_calls
    await call_manager.init()
  File "D:\Music bot\bot\core\call.py", line 30, in init
    call = PyTgCalls(userbot)
           ^^^^^^^^^^^^^^^^^^
  File "D:\Music bot\.venv\Lib\site-packages\pytgcalls\statictypes.py", line 101, in wrapper
    return func(*args, **kwargs)
           ^^^^^^^^^^^^^^^^^^^^^
  File "D:\Music bot\.venv\Lib\site-packages\pytgcalls\pytgcalls.py", line 30, in __init__
    self._app = MtProtoClient(
                ^^^^^^^^^^^^^^
  File "D:\Music bot\.venv\Lib\site-packages\pytgcalls\mtproto\mtproto_client.py", line 23, in __init__
    from .pyrogram_client import PyrogramClient
  File "D:\Music bot\.venv\Lib\site-packages\pytgcalls\mtproto\pyrogram_client.py", line 15, in <module>
    from pyrogram.errors import GroupcallForbidden
ImportError: cannot import name 'GroupcallForbidden' from 'pyrogram.errors' (D:\Music bot\.venv\Lib\site-packages\pyrogram\errors\__init__.py)
2026-03-30 21:14:41 - __main__ - ERROR - Failed to start bot
Traceback (most recent call last):
  File "D:\Music bot\bot\__main__.py", line 44, in main
    await init_calls(userbots)
  File "D:\Music bot\bot\core\call.py", line 222, in init_calls
    await call_manager.init()
  File "D:\Music bot\bot\core\call.py", line 30, in init
    call = PyTgCalls(userbot)
           ^^^^^^^^^^^^^^^^^^
  File "D:\Music bot\.venv\Lib\site-packages\pytgcalls\statictypes.py", line 101, in wrapper
    return func(*args, **kwargs)
           ^^^^^^^^^^^^^^^^^^^^^
  File "D:\Music bot\.venv\Lib\site-packages\pytgcalls\pytgcalls.py", line 30, in __init__
    self._app = MtProtoClient(
                ^^^^^^^^^^^^^^
  File "D:\Music bot\.venv\Lib\site-packages\pytgcalls\mtproto\mtproto_client.py", line 23, in __init__
    from .pyrogram_client import PyrogramClient
  File "D:\Music bot\.venv\Lib\site-packages\pytgcalls\mtproto\pyrogram_client.py", line 15, in <module>
    from pyrogram.errors import GroupcallForbidden
ImportError: cannot import name 'GroupcallForbidden' from 'pyrogram.errors' (D:\Music bot\.venv\Lib\site-packages\pyrogram\errors\__init__.py)
2026-03-30 21:17:49 - __main__ - ERROR - Failed to start bot
Traceback (most recent call last):
  File "D:\Music bot\bot\__main__.py", line 44, in main
    await init_calls(userbots)
  File "D:\Music bot\bot\core\call.py", line 222, in init_calls
    await call_manager.init()
  File "D:\Music bot\bot\core\call.py", line 30, in init
    call = PyTgCalls(userbot)
           ^^^^^^^^^^^^^^^^^^
  File "D:\Music bot\.venv\Lib\site-packages\pytgcalls\statictypes.py", line 101, in wrapper
    return func(*args, **kwargs)
           ^^^^^^^^^^^^^^^^^^^^^
  File "D:\Music bot\.venv\Lib\site-packages\pytgcalls\pytgcalls.py", line 30, in __init__
    self._app = MtProtoClient(
                ^^^^^^^^^^^^^^
  File "D:\Music bot\.venv\Lib\site-packages\pytgcalls\mtproto\mtproto_client.py", line 23, in __init__
    from .pyrogram_client import PyrogramClient
  File "D:\Music bot\.venv\Lib\site-packages\pytgcalls\mtproto\pyrogram_client.py", line 15, in <module>
    from pyrogram.errors import GroupcallForbidden
ImportError: cannot import name 'GroupcallForbidden' from 'pyrogram.errors' (D:\Music bot\.venv\Lib\site-packages\pyrogram\errors\__init__.py)
2026-03-30 21:32:30 - __main__ - ERROR - Failed to start bot
Traceback (most recent call last):
  File "D:\Music bot\bot\__main__.py", line 44, in main
    await init_calls(userbots)
  File "D:\Music bot\bot\core\call.py", line 222, in init_calls
    await call_manager.init()
  File "D:\Music bot\bot\core\call.py", line 30, in init
    call = PyTgCalls(userbot)
           ^^^^^^^^^^^^^^^^^^
  File "D:\Music bot\.venv\Lib\site-packages\pytgcalls\statictypes.py", line 101, in wrapper
    return func(*args, **kwargs)
           ^^^^^^^^^^^^^^^^^^^^^
  File "D:\Music bot\.venv\Lib\site-packages\pytgcalls\pytgcalls.py", line 30, in __init__
    self._app = MtProtoClient(
                ^^^^^^^^^^^^^^
  File "D:\Music bot\.venv\Lib\site-packages\pytgcalls\mtproto\mtproto_client.py", line 23, in __init__
    from .pyrogram_client import PyrogramClient
  File "D:\Music bot\.venv\Lib\site-packages\pytgcalls\mtproto\pyrogram_client.py", line 15, in <module>
    from pyrogram.errors import GroupcallForbidden
ImportError: cannot import name 'GroupcallForbidden' from 'pyrogram.errors' (D:\Music bot\.venv\Lib\site-packages\pyrogram\errors\__init__.py)
2026-03-30 21:38:07 - __main__ - ERROR - Failed to start bot
Traceback (most recent call last):
  File "D:\Music bot\bot\__main__.py", line 53, in main
    await init_calls(userbots)
  File "D:\Music bot\bot\core\call.py", line 222, in init_calls
    await call_manager.init()
  File "D:\Music bot\bot\core\call.py", line 34, in init
    call.on_stream_end()(self._on_stream_end)
    ^^^^^^^^^^^^^^^^^^
AttributeError: 'PyTgCalls' object has no attribute 'on_stream_end'
2026-03-30 21:39:40 - __main__ - ERROR - Failed to start bot
Traceback (most recent call last):
  File "D:\Music bot\bot\__main__.py", line 53, in main
    await init_calls(userbots)
  File "D:\Music bot\bot\core\call.py", line 222, in init_calls
    await call_manager.init()
  File "D:\Music bot\bot\core\call.py", line 34, in init
    call.on_stream_end()(self._on_stream_end)
    ^^^^^^^^^^^^^^^^^^
AttributeError: 'PyTgCalls' object has no attribute 'on_stream_end'
2026-03-30 21:46:40 - __main__ - ERROR - Failed to start bot
Traceback (most recent call last):
  File "D:\Music bot\bot\__main__.py", line 61, in main
    bot = await init_bot()
          ^^^^^^^^^^^^^^^^
  File "D:\Music bot\bot\core\bot.py", line 35, in init_bot
    await bot_client.start()
  File "D:\Music bot\.venv\Lib\site-packages\pyrogram\methods\utilities\start.py", line 58, in start
    is_authorized = await self.connect()
                    ^^^^^^^^^^^^^^^^^^^^
  File "D:\Music bot\.venv\Lib\site-packages\pyrogram\methods\auth\connect.py", line 40, in connect
    await self.load_session()
  File "D:\Music bot\.venv\Lib\site-packages\pyrogram\client.py", line 616, in load_session
    await self.storage.open()
  File "D:\Music bot\.venv\Lib\site-packages\pyrogram\storage\file_storage.py", line 58, in open
    self.conn = sqlite3.connect(str(path), timeout=1, check_same_thread=False)
                ^^^^^^^^^^^^^^^^^^^^^^^^^^^^^^^^^^^^^^^^^^^^^^^^^^^^^^^^^^^^^^
sqlite3.OperationalError: unable to open database file
2026-03-30 21:50:37 - __main__ - ERROR - Failed to start bot
Traceback (most recent call last):
  File "D:\Music bot\bot\__main__.py", line 61, in main
    bot = await init_bot()
          ^^^^^^^^^^^^^^^^
  File "D:\Music bot\bot\core\bot.py", line 39, in init_bot
    await bot_client.idle()
          ^^^^^^^^^^^^^^^
AttributeError: 'Client' object has no attribute 'idle'
2026-03-30 22:01:45 - __main__ - ERROR - Failed to start bot
Traceback (most recent call last):
  File "D:\Music bot\bot\__main__.py", line 61, in main
    bot = await init_bot()
          ^^^^^^^^^^^^^^^^
  File "D:\Music bot\bot\core\bot.py", line 36, in init_bot
    await bot_client.start()
  File "D:\Music bot\.venv\Lib\site-packages\pyrogram\methods\utilities\start.py", line 74, in start
    await self.initialize()
  File "D:\Music bot\.venv\Lib\site-packages\pyrogram\methods\auth\initialize.py", line 46, in initialize
    self.load_plugins()
  File "D:\Music bot\.venv\Lib\site-packages\pyrogram\client.py", line 689, in load_plugins
    module = import_module(module_path)
             ^^^^^^^^^^^^^^^^^^^^^^^^^^
  File "C:\Users\sahoo\AppData\Roaming\uv\python\cpython-3.12.12-windows-x86_64-none\Lib\importlib\__init__.py", line 90, in import_module
    return _bootstrap._gcd_import(name[level:], package, level)
           ^^^^^^^^^^^^^^^^^^^^^^^^^^^^^^^^^^^^^^^^^^^^^^^^^^^^
  File "<frozen importlib._bootstrap>", line 1387, in _gcd_import
  File "<frozen importlib._bootstrap>", line 1360, in _find_and_load
  File "<frozen importlib._bootstrap>", line 1331, in _find_and_load_unlocked
  File "<frozen importlib._bootstrap>", line 935, in _load_unlocked
  File "<frozen importlib._bootstrap_external>", line 999, in exec_module
  File "<frozen importlib._bootstrap>", line 488, in _call_with_frames_removed
  File "D:\Music bot\bot\plugins\play.py", line 17, in <module>
    from pytgcalls.types import AudioPiped, AudioParameters
ImportError: cannot import name 'AudioPiped' from 'pytgcalls.types' (D:\Music bot\.venv\Lib\site-packages\pytgcalls\types\__init__.py)
2026-03-30 22:02:12 - __main__ - ERROR - Failed to start bot
Traceback (most recent call last):
  File "D:\Music bot\bot\__main__.py", line 61, in main
    bot = await init_bot()
          ^^^^^^^^^^^^^^^^
  File "D:\Music bot\bot\core\bot.py", line 36, in init_bot
    await bot_client.start()
  File "D:\Music bot\.venv\Lib\site-packages\pyrogram\methods\utilities\start.py", line 74, in start
    await self.initialize()
  File "D:\Music bot\.venv\Lib\site-packages\pyrogram\methods\auth\initialize.py", line 46, in initialize
    self.load_plugins()
  File "D:\Music bot\.venv\Lib\site-packages\pyrogram\client.py", line 689, in load_plugins
    module = import_module(module_path)
             ^^^^^^^^^^^^^^^^^^^^^^^^^^
  File "C:\Users\sahoo\AppData\Roaming\uv\python\cpython-3.12.12-windows-x86_64-none\Lib\importlib\__init__.py", line 90, in import_module
    return _bootstrap._gcd_import(name[level:], package, level)
           ^^^^^^^^^^^^^^^^^^^^^^^^^^^^^^^^^^^^^^^^^^^^^^^^^^^^
  File "<frozen importlib._bootstrap>", line 1387, in _gcd_import
  File "<frozen importlib._bootstrap>", line 1360, in _find_and_load
  File "<frozen importlib._bootstrap>", line 1331, in _find_and_load_unlocked
  File "<frozen importlib._bootstrap>", line 935, in _load_unlocked
  File "<frozen importlib._bootstrap_external>", line 999, in exec_module
  File "<frozen importlib._bootstrap>", line 488, in _call_with_frames_removed
  File "D:\Music bot\bot\plugins\play.py", line 17, in <module>
    from pytgcalls.types import AudioPiped, AudioParameters
ImportError: cannot import name 'AudioPiped' from 'pytgcalls.types' (D:\Music bot\.venv\Lib\site-packages\pytgcalls\types\__init__.py)
2026-03-30 22:02:35 - __main__ - ERROR - Failed to start bot
Traceback (most recent call last):
  File "D:\Music bot\bot\__main__.py", line 61, in main
    bot = await init_bot()
          ^^^^^^^^^^^^^^^^
  File "D:\Music bot\bot\core\bot.py", line 36, in init_bot
    await bot_client.start()
  File "D:\Music bot\.venv\Lib\site-packages\pyrogram\methods\utilities\start.py", line 74, in start
    await self.initialize()
  File "D:\Music bot\.venv\Lib\site-packages\pyrogram\methods\auth\initialize.py", line 46, in initialize
    self.load_plugins()
  File "D:\Music bot\.venv\Lib\site-packages\pyrogram\client.py", line 689, in load_plugins
    module = import_module(module_path)
             ^^^^^^^^^^^^^^^^^^^^^^^^^^
  File "C:\Users\sahoo\AppData\Roaming\uv\python\cpython-3.12.12-windows-x86_64-none\Lib\importlib\__init__.py", line 90, in import_module
    return _bootstrap._gcd_import(name[level:], package, level)
           ^^^^^^^^^^^^^^^^^^^^^^^^^^^^^^^^^^^^^^^^^^^^^^^^^^^^
  File "<frozen importlib._bootstrap>", line 1387, in _gcd_import
  File "<frozen importlib._bootstrap>", line 1360, in _find_and_load
  File "<frozen importlib._bootstrap>", line 1331, in _find_and_load_unlocked
  File "<frozen importlib._bootstrap>", line 935, in _load_unlocked
  File "<frozen importlib._bootstrap_external>", line 999, in exec_module
  File "<frozen importlib._bootstrap>", line 488, in _call_with_frames_removed
  File "D:\Music bot\bot\plugins\play.py", line 17, in <module>
    from pytgcalls.types import AudioPiped, AudioParameters
ImportError: cannot import name 'AudioPiped' from 'pytgcalls.types' (D:\Music bot\.venv\Lib\site-packages\pytgcalls\types\__init__.py)
2026-03-30 22:07:20 - pyrogram.dispatcher - ERROR - 'NoneType' object has no attribute 'get'
Traceback (most recent call last):
  File "D:\Music bot\.venv\Lib\site-packages\pyrogram\dispatcher.py", line 240, in handler_worker
    await handler.callback(self.client, *args)
  File "D:\Music bot\bot\utils\permissions.py", line 284, in wrapper
    if not await cache.check_cooldown(user_id, cmd, config.COMMAND_COOLDOWN):
           ^^^^^^^^^^^^^^^^^^^^^^^^^^^^^^^^^^^^^^^^^^^^^^^^^^^^^^^^^^^^^^^^^
  File "D:\Music bot\bot\utils\cache.py", line 167, in check_cooldown
    val = await sqlite_cache.get(key)
                ^^^^^^^^^^^^^^^^
AttributeError: 'NoneType' object has no attribute 'get'
2026-03-30 22:07:27 - pyrogram.dispatcher - ERROR - 'NoneType' object has no attribute 'get'
Traceback (most recent call last):
  File "D:\Music bot\.venv\Lib\site-packages\pyrogram\dispatcher.py", line 240, in handler_worker
    await handler.callback(self.client, *args)
  File "D:\Music bot\bot\utils\permissions.py", line 284, in wrapper
    if not await cache.check_cooldown(user_id, cmd, config.COMMAND_COOLDOWN):
           ^^^^^^^^^^^^^^^^^^^^^^^^^^^^^^^^^^^^^^^^^^^^^^^^^^^^^^^^^^^^^^^^^
  File "D:\Music bot\bot\utils\cache.py", line 167, in check_cooldown
    val = await sqlite_cache.get(key)
                ^^^^^^^^^^^^^^^^
AttributeError: 'NoneType' object has no attribute 'get'
2026-03-30 22:10:39 - pyrogram.dispatcher - ERROR - 'NoneType' object has no attribute 'is_gbanned'
Traceback (most recent call last):
  File "D:\Music bot\.venv\Lib\site-packages\pyrogram\dispatcher.py", line 240, in handler_worker
    await handler.callback(self.client, *args)
  File "D:\Music bot\bot\plugins\callbacks.py", line 31, in callback_handler
    level = await get_permission_level(user_id, chat_id)
            ^^^^^^^^^^^^^^^^^^^^^^^^^^^^^^^^^^^^^^^^^^^^
  File "D:\Music bot\bot\utils\permissions.py", line 169, in get_permission_level
    if await is_gbanned(user_id):
       ^^^^^^^^^^^^^^^^^^^^^^^^^
  File "D:\Music bot\bot\utils\permissions.py", line 92, in is_gbanned
    banned = await db.is_gbanned(user_id)
                   ^^^^^^^^^^^^^
AttributeError: 'NoneType' object has no attribute 'is_gbanned'
2026-03-30 22:10:42 - pyrogram.dispatcher - ERROR - 'NoneType' object has no attribute 'is_gbanned'
Traceback (most recent call last):
  File "D:\Music bot\.venv\Lib\site-packages\pyrogram\dispatcher.py", line 240, in handler_worker
    await handler.callback(self.client, *args)
  File "D:\Music bot\bot\plugins\callbacks.py", line 31, in callback_handler
    level = await get_permission_level(user_id, chat_id)
            ^^^^^^^^^^^^^^^^^^^^^^^^^^^^^^^^^^^^^^^^^^^^
  File "D:\Music bot\bot\utils\permissions.py", line 169, in get_permission_level
    if await is_gbanned(user_id):
       ^^^^^^^^^^^^^^^^^^^^^^^^^
  File "D:\Music bot\bot\utils\permissions.py", line 92, in is_gbanned
    banned = await db.is_gbanned(user_id)
                   ^^^^^^^^^^^^^
AttributeError: 'NoneType' object has no attribute 'is_gbanned'
2026-03-30 22:13:16 - pyrogram.dispatcher - ERROR - Invalid parse mode "html"
Traceback (most recent call last):
  File "D:\Music bot\.venv\Lib\site-packages\pyrogram\dispatcher.py", line 240, in handler_worker
    await handler.callback(self.client, *args)
  File "D:\Music bot\bot\plugins\start.py", line 58, in start_group_handler
    await message.reply_text(
  File "D:\Music bot\.venv\Lib\site-packages\pyrogram\types\messages_and_media\message.py", line 970, in reply_text
    return await self._client.send_message(
           ^^^^^^^^^^^^^^^^^^^^^^^^^^^^^^^^
  File "D:\Music bot\.venv\Lib\site-packages\pyrogram\methods\messages\send_message.py", line 124, in send_message
    message, entities = (await utils.parse_text_entities(self, text, parse_mode, entities)).values()
                         ^^^^^^^^^^^^^^^^^^^^^^^^^^^^^^^^^^^^^^^^^^^^^^^^^^^^^^^^^^^^^^^^^
  File "D:\Music bot\.venv\Lib\site-packages\pyrogram\utils.py", line 354, in parse_text_entities
    text, entities = (await client.parser.parse(text, parse_mode)).values()
                      ^^^^^^^^^^^^^^^^^^^^^^^^^^^^^^^^^^^^^^^^^^^
  File "D:\Music bot\.venv\Lib\site-packages\pyrogram\parser\parser.py", line 54, in parse
    raise ValueError(f'Invalid parse mode "{mode}"')
ValueError: Invalid parse mode "html"
2026-03-30 22:14:06 - pyrogram.dispatcher - ERROR - Invalid parse mode "html"
Traceback (most recent call last):
  File "D:\Music bot\.venv\Lib\site-packages\pyrogram\dispatcher.py", line 240, in handler_worker
    await handler.callback(self.client, *args)
  File "D:\Music bot\bot\plugins\start.py", line 58, in start_group_handler
    await message.reply_text(
  File "D:\Music bot\.venv\Lib\site-packages\pyrogram\types\messages_and_media\message.py", line 970, in reply_text
    return await self._client.send_message(
           ^^^^^^^^^^^^^^^^^^^^^^^^^^^^^^^^
  File "D:\Music bot\.venv\Lib\site-packages\pyrogram\methods\messages\send_message.py", line 124, in send_message
    message, entities = (await utils.parse_text_entities(self, text, parse_mode, entities)).values()
                         ^^^^^^^^^^^^^^^^^^^^^^^^^^^^^^^^^^^^^^^^^^^^^^^^^^^^^^^^^^^^^^^^^
  File "D:\Music bot\.venv\Lib\site-packages\pyrogram\utils.py", line 354, in parse_text_entities
    text, entities = (await client.parser.parse(text, parse_mode)).values()
                      ^^^^^^^^^^^^^^^^^^^^^^^^^^^^^^^^^^^^^^^^^^^
  File "D:\Music bot\.venv\Lib\site-packages\pyrogram\parser\parser.py", line 54, in parse
    raise ValueError(f'Invalid parse mode "{mode}"')
ValueError: Invalid parse mode "html"
2026-03-30 22:15:12 - pyrogram.dispatcher - ERROR - Invalid parse mode "html"
Traceback (most recent call last):
  File "D:\Music bot\.venv\Lib\site-packages\pyrogram\dispatcher.py", line 240, in handler_worker
    await handler.callback(self.client, *args)
  File "D:\Music bot\bot\plugins\start.py", line 76, in start_group_handler
    await message.reply_text(
  File "D:\Music bot\.venv\Lib\site-packages\pyrogram\types\messages_and_media\message.py", line 970, in reply_text
    return await self._client.send_message(
           ^^^^^^^^^^^^^^^^^^^^^^^^^^^^^^^^
  File "D:\Music bot\.venv\Lib\site-packages\pyrogram\methods\messages\send_message.py", line 124, in send_message
    message, entities = (await utils.parse_text_entities(self, text, parse_mode, entities)).values()
                         ^^^^^^^^^^^^^^^^^^^^^^^^^^^^^^^^^^^^^^^^^^^^^^^^^^^^^^^^^^^^^^^^^
  File "D:\Music bot\.venv\Lib\site-packages\pyrogram\utils.py", line 354, in parse_text_entities
    text, entities = (await client.parser.parse(text, parse_mode)).values()
                      ^^^^^^^^^^^^^^^^^^^^^^^^^^^^^^^^^^^^^^^^^^^
  File "D:\Music bot\.venv\Lib\site-packages\pyrogram\parser\parser.py", line 54, in parse
    raise ValueError(f'Invalid parse mode "{mode}"')
ValueError: Invalid parse mode "html"
2026-03-30 22:15:58 - pyrogram.dispatcher - ERROR - Invalid parse mode "html"
Traceback (most recent call last):
  File "D:\Music bot\.venv\Lib\site-packages\pyrogram\dispatcher.py", line 240, in handler_worker
    await handler.callback(self.client, *args)
  File "D:\Music bot\bot\plugins\start.py", line 76, in start_group_handler
    await message.reply_text(
  File "D:\Music bot\.venv\Lib\site-packages\pyrogram\types\messages_and_media\message.py", line 970, in reply_text
    return await self._client.send_message(
           ^^^^^^^^^^^^^^^^^^^^^^^^^^^^^^^^
  File "D:\Music bot\.venv\Lib\site-packages\pyrogram\methods\messages\send_message.py", line 124, in send_message
    message, entities = (await utils.parse_text_entities(self, text, parse_mode, entities)).values()
                         ^^^^^^^^^^^^^^^^^^^^^^^^^^^^^^^^^^^^^^^^^^^^^^^^^^^^^^^^^^^^^^^^^
  File "D:\Music bot\.venv\Lib\site-packages\pyrogram\utils.py", line 354, in parse_text_entities
    text, entities = (await client.parser.parse(text, parse_mode)).values()
                      ^^^^^^^^^^^^^^^^^^^^^^^^^^^^^^^^^^^^^^^^^^^
  File "D:\Music bot\.venv\Lib\site-packages\pyrogram\parser\parser.py", line 54, in parse
    raise ValueError(f'Invalid parse mode "{mode}"')
ValueError: Invalid parse mode "html"
2026-03-30 22:16:27 - pyrogram.dispatcher - ERROR - 'NoneType' object has no attribute 'is_gbanned'
Traceback (most recent call last):
  File "D:\Music bot\.venv\Lib\site-packages\pyrogram\dispatcher.py", line 240, in handler_worker
    await handler.callback(self.client, *args)
  File "D:\Music bot\bot\plugins\callbacks.py", line 31, in callback_handler
    level = await get_permission_level(user_id, chat_id)
            ^^^^^^^^^^^^^^^^^^^^^^^^^^^^^^^^^^^^^^^^^^^^
  File "D:\Music bot\bot\utils\permissions.py", line 169, in get_permission_level
    if await is_gbanned(user_id):
       ^^^^^^^^^^^^^^^^^^^^^^^^^
  File "D:\Music bot\bot\utils\permissions.py", line 92, in is_gbanned
    banned = await db.is_gbanned(user_id)
                   ^^^^^^^^^^^^^
AttributeError: 'NoneType' object has no attribute 'is_gbanned'
2026-03-30 22:17:41 - pyrogram.dispatcher - ERROR - Invalid parse mode "html"
Traceback (most recent call last):
  File "D:\Music bot\.venv\Lib\site-packages\pyrogram\dispatcher.py", line 240, in handler_worker
    await handler.callback(self.client, *args)
  File "D:\Music bot\bot\plugins\start.py", line 76, in start_group_handler
    await message.reply_text(
  File "D:\Music bot\.venv\Lib\site-packages\pyrogram\types\messages_and_media\message.py", line 970, in reply_text
    return await self._client.send_message(
           ^^^^^^^^^^^^^^^^^^^^^^^^^^^^^^^^
  File "D:\Music bot\.venv\Lib\site-packages\pyrogram\methods\messages\send_message.py", line 124, in send_message
    message, entities = (await utils.parse_text_entities(self, text, parse_mode, entities)).values()
                         ^^^^^^^^^^^^^^^^^^^^^^^^^^^^^^^^^^^^^^^^^^^^^^^^^^^^^^^^^^^^^^^^^
  File "D:\Music bot\.venv\Lib\site-packages\pyrogram\utils.py", line 354, in parse_text_entities
    text, entities = (await client.parser.parse(text, parse_mode)).values()
                      ^^^^^^^^^^^^^^^^^^^^^^^^^^^^^^^^^^^^^^^^^^^
  File "D:\Music bot\.venv\Lib\site-packages\pyrogram\parser\parser.py", line 54, in parse
    raise ValueError(f'Invalid parse mode "{mode}"')
ValueError: Invalid parse mode "html"
2026-03-30 22:19:25 - pyrogram.dispatcher - ERROR - Invalid parse mode "html"
Traceback (most recent call last):
  File "D:\Music bot\.venv\Lib\site-packages\pyrogram\dispatcher.py", line 240, in handler_worker
    await handler.callback(self.client, *args)
  File "D:\Music bot\bot\plugins\start.py", line 76, in start_group_handler
    await message.reply_text(
  File "D:\Music bot\.venv\Lib\site-packages\pyrogram\types\messages_and_media\message.py", line 970, in reply_text
    return await self._client.send_message(
           ^^^^^^^^^^^^^^^^^^^^^^^^^^^^^^^^
  File "D:\Music bot\.venv\Lib\site-packages\pyrogram\methods\messages\send_message.py", line 124, in send_message
    message, entities = (await utils.parse_text_entities(self, text, parse_mode, entities)).values()
                         ^^^^^^^^^^^^^^^^^^^^^^^^^^^^^^^^^^^^^^^^^^^^^^^^^^^^^^^^^^^^^^^^^
  File "D:\Music bot\.venv\Lib\site-packages\pyrogram\utils.py", line 354, in parse_text_entities
    text, entities = (await client.parser.parse(text, parse_mode)).values()
                      ^^^^^^^^^^^^^^^^^^^^^^^^^^^^^^^^^^^^^^^^^^^
  File "D:\Music bot\.venv\Lib\site-packages\pyrogram\parser\parser.py", line 54, in parse
    raise ValueError(f'Invalid parse mode "{mode}"')
ValueError: Invalid parse mode "html"
2026-03-30 22:22:27 - __main__ - ERROR - Failed to start bot
Traceback (most recent call last):
  File "D:\Music bot\bot\__main__.py", line 61, in main
    bot = await init_bot()
          ^^^^^^^^^^^^^^^^
  File "D:\Music bot\bot\core\bot.py", line 36, in init_bot
    await bot_client.start()
  File "D:\Music bot\.venv\Lib\site-packages\pyrogram\methods\utilities\start.py", line 74, in start
    await self.initialize()
  File "D:\Music bot\.venv\Lib\site-packages\pyrogram\methods\auth\initialize.py", line 46, in initialize
    self.load_plugins()
  File "D:\Music bot\.venv\Lib\site-packages\pyrogram\client.py", line 689, in load_plugins
    module = import_module(module_path)
             ^^^^^^^^^^^^^^^^^^^^^^^^^^
  File "C:\Users\sahoo\AppData\Roaming\uv\python\cpython-3.12.12-windows-x86_64-none\Lib\importlib\__init__.py", line 90, in import_module
    return _bootstrap._gcd_import(name[level:], package, level)
           ^^^^^^^^^^^^^^^^^^^^^^^^^^^^^^^^^^^^^^^^^^^^^^^^^^^^
  File "<frozen importlib._bootstrap>", line 1387, in _gcd_import
  File "<frozen importlib._bootstrap>", line 1360, in _find_and_load
  File "<frozen importlib._bootstrap>", line 1331, in _find_and_load_unlocked
  File "<frozen importlib._bootstrap>", line 935, in _load_unlocked
  File "<frozen importlib._bootstrap_external>", line 999, in exec_module
  File "<frozen importlib._bootstrap>", line 488, in _call_with_frames_removed
  File "D:\Music bot\bot\plugins\mentions.py", line 18, in <module>
    @Client.on_message(filters.mentioned & (filters.group | filters.supergroup))
                                                            ^^^^^^^^^^^^^^^^^^
AttributeError: module 'pyrogram.filters' has no attribute 'supergroup'
2026-03-30 22:34:14 - __main__ - ERROR - Failed to start bot
Traceback (most recent call last):
  File "D:\Music bot\bot\__main__.py", line 61, in main
    bot = await init_bot()
          ^^^^^^^^^^^^^^^^
  File "D:\Music bot\bot\core\bot.py", line 36, in init_bot
    await bot_client.start()
  File "D:\Music bot\.venv\Lib\site-packages\pyrogram\methods\utilities\start.py", line 74, in start
    await self.initialize()
  File "D:\Music bot\.venv\Lib\site-packages\pyrogram\methods\auth\initialize.py", line 46, in initialize
    self.load_plugins()
  File "D:\Music bot\.venv\Lib\site-packages\pyrogram\client.py", line 689, in load_plugins
    module = import_module(module_path)
             ^^^^^^^^^^^^^^^^^^^^^^^^^^
  File "C:\Users\sahoo\AppData\Roaming\uv\python\cpython-3.12.12-windows-x86_64-none\Lib\importlib\__init__.py", line 90, in import_module
    return _bootstrap._gcd_import(name[level:], package, level)
           ^^^^^^^^^^^^^^^^^^^^^^^^^^^^^^^^^^^^^^^^^^^^^^^^^^^^
  File "<frozen importlib._bootstrap>", line 1387, in _gcd_import
  File "<frozen importlib._bootstrap>", line 1360, in _find_and_load
  File "<frozen importlib._bootstrap>", line 1331, in _find_and_load_unlocked
  File "<frozen importlib._bootstrap>", line 935, in _load_unlocked
  File "<frozen importlib._bootstrap_external>", line 999, in exec_module
  File "<frozen importlib._bootstrap>", line 488, in _call_with_frames_removed
  File "D:\Music bot\bot\plugins\controls.py", line 15, in <module>
    @Client.on_message(filters.command("pause") & (filters.group | filters.supergroup))
                                                                   ^^^^^^^^^^^^^^^^^^
AttributeError: module 'pyrogram.filters' has no attribute 'supergroup'
2026-03-30 22:36:40 - __main__ - ERROR - Failed to start bot
Traceback (most recent call last):
  File "D:\Music bot\bot\__main__.py", line 61, in main
    bot = await init_bot()
          ^^^^^^^^^^^^^^^^
  File "D:\Music bot\bot\core\bot.py", line 36, in init_bot
    await bot_client.start()
  File "D:\Music bot\.venv\Lib\site-packages\pyrogram\methods\utilities\start.py", line 74, in start
    await self.initialize()
  File "D:\Music bot\.venv\Lib\site-packages\pyrogram\methods\auth\initialize.py", line 46, in initialize
    self.load_plugins()
  File "D:\Music bot\.venv\Lib\site-packages\pyrogram\client.py", line 689, in load_plugins
    module = import_module(module_path)
             ^^^^^^^^^^^^^^^^^^^^^^^^^^
  File "C:\Users\sahoo\AppData\Roaming\uv\python\cpython-3.12.12-windows-x86_64-none\Lib\importlib\__init__.py", line 90, in import_module
    return _bootstrap._gcd_import(name[level:], package, level)
           ^^^^^^^^^^^^^^^^^^^^^^^^^^^^^^^^^^^^^^^^^^^^^^^^^^^^
  File "<frozen importlib._bootstrap>", line 1387, in _gcd_import
  File "<frozen importlib._bootstrap>", line 1360, in _find_and_load
  File "<frozen importlib._bootstrap>", line 1331, in _find_and_load_unlocked
  File "<frozen importlib._bootstrap>", line 935, in _load_unlocked
  File "<frozen importlib._bootstrap_external>", line 999, in exec_module
  File "<frozen importlib._bootstrap>", line 488, in _call_with_frames_removed
  File "D:\Music bot\bot\plugins\start.py", line 55, in <module>
    @Client.on_message(filters.command("start") & (filters.group | filters.supergroup))
                                                                   ^^^^^^^^^^^^^^^^^^
AttributeError: module 'pyrogram.filters' has no attribute 'supergroup'
2026-03-30 22:37:41 - pyrogram.dispatcher - ERROR - Invalid parse mode "html"
Traceback (most recent call last):
  File "D:\Music bot\.venv\Lib\site-packages\pyrogram\dispatcher.py", line 240, in handler_worker
    await handler.callback(self.client, *args)
  File "D:\Music bot\bot\plugins\start.py", line 76, in start_group_handler
    await message.reply_text(
  File "D:\Music bot\.venv\Lib\site-packages\pyrogram\types\messages_and_media\message.py", line 970, in reply_text
    return await self._client.send_message(
           ^^^^^^^^^^^^^^^^^^^^^^^^^^^^^^^^
  File "D:\Music bot\.venv\Lib\site-packages\pyrogram\methods\messages\send_message.py", line 124, in send_message
    message, entities = (await utils.parse_text_entities(self, text, parse_mode, entities)).values()
                         ^^^^^^^^^^^^^^^^^^^^^^^^^^^^^^^^^^^^^^^^^^^^^^^^^^^^^^^^^^^^^^^^^
  File "D:\Music bot\.venv\Lib\site-packages\pyrogram\utils.py", line 354, in parse_text_entities
    text, entities = (await client.parser.parse(text, parse_mode)).values()
                      ^^^^^^^^^^^^^^^^^^^^^^^^^^^^^^^^^^^^^^^^^^^
  File "D:\Music bot\.venv\Lib\site-packages\pyrogram\parser\parser.py", line 54, in parse
    raise ValueError(f'Invalid parse mode "{mode}"')
ValueError: Invalid parse mode "html"
2026-03-30 22:41:40 - pyrogram.dispatcher - ERROR - Telegram says: [400 WEBPAGE_CURL_FAILED] - Telegram server could not fetch the provided URL (caused by "messages.SendMedia")
Traceback (most recent call last):
  File "D:\Music bot\.venv\Lib\site-packages\pyrogram\dispatcher.py", line 240, in handler_worker
    await handler.callback(self.client, *args)
  File "D:\Music bot\bot\plugins\start.py", line 49, in start_handler
    await message.reply_photo(
  File "D:\Music bot\.venv\Lib\site-packages\pyrogram\types\messages_and_media\message.py", line 2000, in reply_photo
    return await self._client.send_photo(
           ^^^^^^^^^^^^^^^^^^^^^^^^^^^^^^
  File "D:\Music bot\.venv\Lib\site-packages\pyrogram\methods\messages\send_photo.py", line 177, in send_photo
    r = await self.invoke(
        ^^^^^^^^^^^^^^^^^^
  File "D:\Music bot\.venv\Lib\site-packages\pyrogram\methods\advanced\invoke.py", line 79, in invoke
    r = await self.session.invoke(
        ^^^^^^^^^^^^^^^^^^^^^^^^^^
  File "D:\Music bot\.venv\Lib\site-packages\pyrogram\session\session.py", line 389, in invoke
    return await self.send(query, timeout=timeout)
           ^^^^^^^^^^^^^^^^^^^^^^^^^^^^^^^^^^^^^^^
  File "D:\Music bot\.venv\Lib\site-packages\pyrogram\session\session.py", line 357, in send
    RPCError.raise_it(result, type(data))
  File "D:\Music bot\.venv\Lib\site-packages\pyrogram\errors\rpc_error.py", line 91, in raise_it
    raise getattr(
pyrogram.errors.exceptions.bad_request_400.WebpageCurlFailed: Telegram says: [400 WEBPAGE_CURL_FAILED] - Telegram server could not fetch the provided URL (caused by "messages.SendMedia")
2026-03-30 22:43:16 - __main__ - ERROR - Failed to start bot
Traceback (most recent call last):
  File "D:\Music bot\bot\__main__.py", line 61, in main
    bot = await init_bot()
          ^^^^^^^^^^^^^^^^
  File "D:\Music bot\bot\core\bot.py", line 36, in init_bot
    await bot_client.start()
  File "D:\Music bot\.venv\Lib\site-packages\pyrogram\methods\utilities\start.py", line 58, in start
    is_authorized = await self.connect()
                    ^^^^^^^^^^^^^^^^^^^^
  File "D:\Music bot\.venv\Lib\site-packages\pyrogram\methods\auth\connect.py", line 40, in connect
    await self.load_session()
  File "D:\Music bot\.venv\Lib\site-packages\pyrogram\client.py", line 616, in load_session
    await self.storage.open()
  File "D:\Music bot\.venv\Lib\site-packages\pyrogram\storage\file_storage.py", line 63, in open
    self.update()
  File "D:\Music bot\.venv\Lib\site-packages\pyrogram\storage\file_storage.py", line 52, in update
    self.version(version)
  File "D:\Music bot\.venv\Lib\site-packages\pyrogram\storage\sqlite_storage.py", line 219, in version
    self.conn.execute(
sqlite3.OperationalError: database is locked
2026-03-30 22:44:58 - pyrogram.dispatcher - ERROR - 'NoneType' object has no attribute 'is_gbanned'
Traceback (most recent call last):
  File "D:\Music bot\.venv\Lib\site-packages\pyrogram\dispatcher.py", line 240, in handler_worker
    await handler.callback(self.client, *args)
  File "D:\Music bot\bot\plugins\callbacks.py", line 31, in callback_handler
    level = await get_permission_level(user_id, chat_id)
            ^^^^^^^^^^^^^^^^^^^^^^^^^^^^^^^^^^^^^^^^^^^^
  File "D:\Music bot\bot\utils\permissions.py", line 169, in get_permission_level
    if await is_gbanned(user_id):
       ^^^^^^^^^^^^^^^^^^^^^^^^^
  File "D:\Music bot\bot\utils\permissions.py", line 92, in is_gbanned
    banned = await db.is_gbanned(user_id)
                   ^^^^^^^^^^^^^
AttributeError: 'NoneType' object has no attribute 'is_gbanned'
2026-03-30 22:46:48 - pyrogram.dispatcher - ERROR - 'NoneType' object has no attribute 'is_gbanned'
Traceback (most recent call last):
  File "D:\Music bot\.venv\Lib\site-packages\pyrogram\dispatcher.py", line 240, in handler_worker
    await handler.callback(self.client, *args)
  File "D:\Music bot\bot\plugins\callbacks.py", line 31, in callback_handler
    level = await get_permission_level(user_id, chat_id)
            ^^^^^^^^^^^^^^^^^^^^^^^^^^^^^^^^^^^^^^^^^^^^
  File "D:\Music bot\bot\utils\permissions.py", line 169, in get_permission_level
    if await is_gbanned(user_id):
       ^^^^^^^^^^^^^^^^^^^^^^^^^
  File "D:\Music bot\bot\utils\permissions.py", line 92, in is_gbanned
    banned = await db.is_gbanned(user_id)
                   ^^^^^^^^^^^^^
AttributeError: 'NoneType' object has no attribute 'is_gbanned'
2026-03-30 22:56:08 - bot.utils.supabase_db - ERROR - Error initializing Supabase storage: {'statusCode': 400, 'error': Error, 'message': body/name must be string}
2026-03-30 22:57:52 - pyrogram.dispatcher - ERROR - 'NoneType' object has no attribute 'is_gbanned'
Traceback (most recent call last):
  File "D:\Music bot\.venv\Lib\site-packages\pyrogram\dispatcher.py", line 240, in handler_worker
    await handler.callback(self.client, *args)
  File "D:\Music bot\bot\utils\permissions.py", line 287, in wrapper
    return await func(client, message)
           ^^^^^^^^^^^^^^^^^^^^^^^^^^^
  File "D:\Music bot\bot\plugins\play.py", line 39, in play_cmd
    level = await get_permission_level(user_id, chat_id, check_vc=True)
            ^^^^^^^^^^^^^^^^^^^^^^^^^^^^^^^^^^^^^^^^^^^^^^^^^^^^^^^^^^^
  File "D:\Music bot\bot\utils\permissions.py", line 169, in get_permission_level
    if await is_gbanned(user_id):
       ^^^^^^^^^^^^^^^^^^^^^^^^^
  File "D:\Music bot\bot\utils\permissions.py", line 92, in is_gbanned
    banned = await db.is_gbanned(user_id)
                   ^^^^^^^^^^^^^
AttributeError: 'NoneType' object has no attribute 'is_gbanned'
2026-03-30 23:02:27 - __main__ - ERROR - Failed to start bot
Traceback (most recent call last):
  File "D:\Music bot\bot\__main__.py", line 61, in main
    bot = await init_bot()
          ^^^^^^^^^^^^^^^^
  File "D:\Music bot\bot\core\bot.py", line 36, in init_bot
    await bot_client.start()
  File "D:\Music bot\.venv\Lib\site-packages\pyrogram\methods\utilities\start.py", line 58, in start
    is_authorized = await self.connect()
                    ^^^^^^^^^^^^^^^^^^^^
  File "D:\Music bot\.venv\Lib\site-packages\pyrogram\methods\auth\connect.py", line 40, in connect
    await self.load_session()
  File "D:\Music bot\.venv\Lib\site-packages\pyrogram\client.py", line 616, in load_session
    await self.storage.open()
  File "D:\Music bot\.venv\Lib\site-packages\pyrogram\storage\file_storage.py", line 63, in open
    self.update()
  File "D:\Music bot\.venv\Lib\site-packages\pyrogram\storage\file_storage.py", line 52, in update
    self.version(version)
  File "D:\Music bot\.venv\Lib\site-packages\pyrogram\storage\sqlite_storage.py", line 219, in version
    self.conn.execute(
sqlite3.OperationalError: database is locked
2026-03-30 23:06:04 - pyrogram.dispatcher - ERROR - 'NoneType' object has no attribute 'is_gbanned'
Traceback (most recent call last):
  File "D:\Music bot\.venv\Lib\site-packages\pyrogram\dispatcher.py", line 240, in handler_worker
    await handler.callback(self.client, *args)
  File "D:\Music bot\bot\utils\permissions.py", line 287, in wrapper
    return await func(client, message)
           ^^^^^^^^^^^^^^^^^^^^^^^^^^^
  File "D:\Music bot\bot\plugins\play.py", line 39, in play_cmd
    level = await get_permission_level(user_id, chat_id, check_vc=True)
            ^^^^^^^^^^^^^^^^^^^^^^^^^^^^^^^^^^^^^^^^^^^^^^^^^^^^^^^^^^^
  File "D:\Music bot\bot\utils\permissions.py", line 169, in get_permission_level
    if await is_gbanned(user_id):
       ^^^^^^^^^^^^^^^^^^^^^^^^^
  File "D:\Music bot\bot\utils\permissions.py", line 92, in is_gbanned
    banned = await db.is_gbanned(user_id)
                   ^^^^^^^^^^^^^
AttributeError: 'NoneType' object has no attribute 'is_gbanned'
2026-03-30 23:06:46 - pyrogram.dispatcher - ERROR - 'NoneType' object has no attribute 'is_gbanned'
Traceback (most recent call last):
  File "D:\Music bot\.venv\Lib\site-packages\pyrogram\dispatcher.py", line 240, in handler_worker
    await handler.callback(self.client, *args)
  File "D:\Music bot\bot\plugins\callbacks.py", line 31, in callback_handler
    level = await get_permission_level(user_id, chat_id)
            ^^^^^^^^^^^^^^^^^^^^^^^^^^^^^^^^^^^^^^^^^^^^
  File "D:\Music bot\bot\utils\permissions.py", line 169, in get_permission_level
    if await is_gbanned(user_id):
       ^^^^^^^^^^^^^^^^^^^^^^^^^
  File "D:\Music bot\bot\utils\permissions.py", line 92, in is_gbanned
    banned = await db.is_gbanned(user_id)
                   ^^^^^^^^^^^^^
AttributeError: 'NoneType' object has no attribute 'is_gbanned'
2026-03-30 23:07:13 - pyrogram.dispatcher - ERROR - 'NoneType' object has no attribute 'is_gbanned'
Traceback (most recent call last):
  File "D:\Music bot\.venv\Lib\site-packages\pyrogram\dispatcher.py", line 240, in handler_worker
    await handler.callback(self.client, *args)
  File "D:\Music bot\bot\utils\permissions.py", line 287, in wrapper
    return await func(client, message)
           ^^^^^^^^^^^^^^^^^^^^^^^^^^^
  File "D:\Music bot\bot\plugins\play.py", line 39, in play_cmd
    level = await get_permission_level(user_id, chat_id, check_vc=True)
            ^^^^^^^^^^^^^^^^^^^^^^^^^^^^^^^^^^^^^^^^^^^^^^^^^^^^^^^^^^^
  File "D:\Music bot\bot\utils\permissions.py", line 169, in get_permission_level
    if await is_gbanned(user_id):
       ^^^^^^^^^^^^^^^^^^^^^^^^^
  File "D:\Music bot\bot\utils\permissions.py", line 92, in is_gbanned
    banned = await db.is_gbanned(user_id)
                   ^^^^^^^^^^^^^
AttributeError: 'NoneType' object has no attribute 'is_gbanned'
2026-03-30 23:07:34 - pyrogram.dispatcher - ERROR - 'NoneType' object has no attribute 'is_gbanned'
Traceback (most recent call last):
  File "D:\Music bot\.venv\Lib\site-packages\pyrogram\dispatcher.py", line 240, in handler_worker
    await handler.callback(self.client, *args)
  File "D:\Music bot\bot\plugins\callbacks.py", line 31, in callback_handler
    level = await get_permission_level(user_id, chat_id)
            ^^^^^^^^^^^^^^^^^^^^^^^^^^^^^^^^^^^^^^^^^^^^
  File "D:\Music bot\bot\utils\permissions.py", line 169, in get_permission_level
    if await is_gbanned(user_id):
       ^^^^^^^^^^^^^^^^^^^^^^^^^
  File "D:\Music bot\bot\utils\permissions.py", line 92, in is_gbanned
    banned = await db.is_gbanned(user_id)
                   ^^^^^^^^^^^^^
AttributeError: 'NoneType' object has no attribute 'is_gbanned'
2026-03-30 23:07:37 - pyrogram.dispatcher - ERROR - 'NoneType' object has no attribute 'is_gbanned'
Traceback (most recent call last):
  File "D:\Music bot\.venv\Lib\site-packages\pyrogram\dispatcher.py", line 240, in handler_worker
    await handler.callback(self.client, *args)
  File "D:\Music bot\bot\utils\permissions.py", line 287, in wrapper
    return await func(client, message)
           ^^^^^^^^^^^^^^^^^^^^^^^^^^^
  File "D:\Music bot\bot\plugins\play.py", line 39, in play_cmd
    level = await get_permission_level(user_id, chat_id, check_vc=True)
            ^^^^^^^^^^^^^^^^^^^^^^^^^^^^^^^^^^^^^^^^^^^^^^^^^^^^^^^^^^^
  File "D:\Music bot\bot\utils\permissions.py", line 169, in get_permission_level
    if await is_gbanned(user_id):
       ^^^^^^^^^^^^^^^^^^^^^^^^^
  File "D:\Music bot\bot\utils\permissions.py", line 92, in is_gbanned
    banned = await db.is_gbanned(user_id)
                   ^^^^^^^^^^^^^
AttributeError: 'NoneType' object has no attribute 'is_gbanned'
2026-03-30 23:07:40 - pyrogram.dispatcher - ERROR - 'NoneType' object has no attribute 'is_gbanned'
Traceback (most recent call last):
  File "D:\Music bot\.venv\Lib\site-packages\pyrogram\dispatcher.py", line 240, in handler_worker
    await handler.callback(self.client, *args)
  File "D:\Music bot\bot\utils\permissions.py", line 287, in wrapper
    return await func(client, message)
           ^^^^^^^^^^^^^^^^^^^^^^^^^^^
  File "D:\Music bot\bot\plugins\play.py", line 39, in play_cmd
    level = await get_permission_level(user_id, chat_id, check_vc=True)
            ^^^^^^^^^^^^^^^^^^^^^^^^^^^^^^^^^^^^^^^^^^^^^^^^^^^^^^^^^^^
  File "D:\Music bot\bot\utils\permissions.py", line 169, in get_permission_level
    if await is_gbanned(user_id):
       ^^^^^^^^^^^^^^^^^^^^^^^^^
  File "D:\Music bot\bot\utils\permissions.py", line 92, in is_gbanned
    banned = await db.is_gbanned(user_id)
                   ^^^^^^^^^^^^^
AttributeError: 'NoneType' object has no attribute 'is_gbanned'
2026-03-30 23:08:19 - pyrogram.dispatcher - ERROR - 'NoneType' object has no attribute 'is_gbanned'
Traceback (most recent call last):
  File "D:\Music bot\.venv\Lib\site-packages\pyrogram\dispatcher.py", line 240, in handler_worker
    await handler.callback(self.client, *args)
  File "D:\Music bot\bot\utils\permissions.py", line 287, in wrapper
    return await func(client, message)
           ^^^^^^^^^^^^^^^^^^^^^^^^^^^
  File "D:\Music bot\bot\plugins\play.py", line 39, in play_cmd
    level = await get_permission_level(user_id, chat_id, check_vc=True)
            ^^^^^^^^^^^^^^^^^^^^^^^^^^^^^^^^^^^^^^^^^^^^^^^^^^^^^^^^^^^
  File "D:\Music bot\bot\utils\permissions.py", line 169, in get_permission_level
    if await is_gbanned(user_id):
       ^^^^^^^^^^^^^^^^^^^^^^^^^
  File "D:\Music bot\bot\utils\permissions.py", line 92, in is_gbanned
    banned = await db.is_gbanned(user_id)
                   ^^^^^^^^^^^^^
AttributeError: 'NoneType' object has no attribute 'is_gbanned'
2026-03-30 23:26:21 - pyrogram.dispatcher - ERROR - 'NoneType' object has no attribute 'is_gbanned'
Traceback (most recent call last):
  File "D:\Music bot\.venv\Lib\site-packages\pyrogram\dispatcher.py", line 240, in handler_worker
    await handler.callback(self.client, *args)
  File "D:\Music bot\bot\plugins\callbacks.py", line 31, in callback_handler
    level = await get_permission_level(user_id, chat_id)
            ^^^^^^^^^^^^^^^^^^^^^^^^^^^^^^^^^^^^^^^^^^^^
  File "D:\Music bot\bot\utils\permissions.py", line 170, in get_permission_level
    if await is_gbanned(user_id):
       ^^^^^^^^^^^^^^^^^^^^^^^^^
  File "D:\Music bot\bot\utils\permissions.py", line 93, in is_gbanned
    banned = await app_db.db.is_gbanned(user_id)
                   ^^^^^^^^^^^^^^^^^^^^
AttributeError: 'NoneType' object has no attribute 'is_gbanned'
2026-03-30 23:39:17 - pyrogram.dispatcher - ERROR - 'NoneType' object has no attribute 'is_gbanned'
Traceback (most recent call last):
  File "D:\Music bot\.venv\Lib\site-packages\pyrogram\dispatcher.py", line 240, in handler_worker
    await handler.callback(self.client, *args)
  File "D:\Music bot\bot\plugins\callbacks.py", line 31, in callback_handler
    level = await get_permission_level(user_id, chat_id)
            ^^^^^^^^^^^^^^^^^^^^^^^^^^^^^^^^^^^^^^^^^^^^
  File "D:\Music bot\bot\utils\permissions.py", line 170, in get_permission_level
    if await is_gbanned(user_id):
       ^^^^^^^^^^^^^^^^^^^^^^^^^
  File "D:\Music bot\bot\utils\permissions.py", line 93, in is_gbanned
    banned = await app_db.db.is_gbanned(user_id)
                   ^^^^^^^^^^^^^^^^^^^^
AttributeError: 'NoneType' object has no attribute 'is_gbanned'
2026-03-30 23:39:23 - pyrogram.dispatcher - ERROR - 'NoneType' object has no attribute 'is_gbanned'
Traceback (most recent call last):
  File "D:\Music bot\.venv\Lib\site-packages\pyrogram\dispatcher.py", line 240, in handler_worker
    await handler.callback(self.client, *args)
  File "D:\Music bot\bot\plugins\callbacks.py", line 31, in callback_handler
    level = await get_permission_level(user_id, chat_id)
            ^^^^^^^^^^^^^^^^^^^^^^^^^^^^^^^^^^^^^^^^^^^^
  File "D:\Music bot\bot\utils\permissions.py", line 170, in get_permission_level
    if await is_gbanned(user_id):
       ^^^^^^^^^^^^^^^^^^^^^^^^^
  File "D:\Music bot\bot\utils\permissions.py", line 93, in is_gbanned
    banned = await app_db.db.is_gbanned(user_id)
                   ^^^^^^^^^^^^^^^^^^^^
AttributeError: 'NoneType' object has no attribute 'is_gbanned'
2026-03-30 23:39:32 - pyrogram.dispatcher - ERROR - 'NoneType' object has no attribute 'is_gbanned'
Traceback (most recent call last):
  File "D:\Music bot\.venv\Lib\site-packages\pyrogram\dispatcher.py", line 240, in handler_worker
    await handler.callback(self.client, *args)
  File "D:\Music bot\bot\plugins\callbacks.py", line 31, in callback_handler
    level = await get_permission_level(user_id, chat_id)
            ^^^^^^^^^^^^^^^^^^^^^^^^^^^^^^^^^^^^^^^^^^^^
  File "D:\Music bot\bot\utils\permissions.py", line 170, in get_permission_level
    if await is_gbanned(user_id):
       ^^^^^^^^^^^^^^^^^^^^^^^^^
  File "D:\Music bot\bot\utils\permissions.py", line 93, in is_gbanned
    banned = await app_db.db.is_gbanned(user_id)
                   ^^^^^^^^^^^^^^^^^^^^
AttributeError: 'NoneType' object has no attribute 'is_gbanned'
2026-03-31 00:12:29 - __main__ - ERROR - Failed to start bot
Traceback (most recent call last):
  File "D:\Music bot\bot\__main__.py", line 61, in main
    bot = await init_bot()
          ^^^^^^^^^^^^^^^^
  File "D:\Music bot\bot\core\bot.py", line 36, in init_bot
    await bot_client.start()
  File "D:\Music bot\.venv\Lib\site-packages\pyrogram\methods\utilities\start.py", line 58, in start
    is_authorized = await self.connect()
                    ^^^^^^^^^^^^^^^^^^^^
  File "D:\Music bot\.venv\Lib\site-packages\pyrogram\methods\auth\connect.py", line 40, in connect
    await self.load_session()
  File "D:\Music bot\.venv\Lib\site-packages\pyrogram\client.py", line 616, in load_session
    await self.storage.open()
  File "D:\Music bot\.venv\Lib\site-packages\pyrogram\storage\file_storage.py", line 63, in open
    self.update()
  File "D:\Music bot\.venv\Lib\site-packages\pyrogram\storage\file_storage.py", line 52, in update
    self.version(version)
  File "D:\Music bot\.venv\Lib\site-packages\pyrogram\storage\sqlite_storage.py", line 219, in version
    self.conn.execute(
sqlite3.OperationalError: database is locked
2026-03-31 00:56:35 - bot.utils.supabase_db - ERROR - Error checking gban: {'message': "Could not find the table 'public.gbanned' in the schema cache", 'code': 'PGRST205', 'hint': None, 'details': None}
2026-03-31 00:56:36 - bot.utils.supabase_db - ERROR - Error checking sudo: {'message': "Could not find the table 'public.sudo_users' in the schema cache", 'code': 'PGRST205', 'hint': None, 'details': None}
2026-03-31 00:56:36 - bot.utils.permissions - ERROR - Error checking admin status: 'NoneType' object has no attribute 'get_chat_member'
2026-03-31 00:56:36 - pyrogram.dispatcher - ERROR - Telegram says: [400 MESSAGE_TOO_LONG] - The message text is too long (caused by "messages.SetBotCallbackAnswer")
Traceback (most recent call last):
  File "D:\Music bot\.venv\Lib\site-packages\pyrogram\dispatcher.py", line 240, in handler_worker
    await handler.callback(self.client, *args)
  File "D:\Music bot\bot\plugins\callbacks.py", line 61, in callback_handler
    await handler(client, callback, chat_id)
  File "D:\Music bot\bot\plugins\callbacks.py", line 221, in handle_help_info
    await callback.answer(text, show_alert=True)
  File "D:\Music bot\.venv\Lib\site-packages\pyrogram\types\bots_and_keyboards\callback_query.py", line 159, in answer
    return await self._client.answer_callback_query(
           ^^^^^^^^^^^^^^^^^^^^^^^^^^^^^^^^^^^^^^^^^
  File "D:\Music bot\.venv\Lib\site-packages\pyrogram\methods\bots\answer_callback_query.py", line 73, in answer_callback_query
    return await self.invoke(
           ^^^^^^^^^^^^^^^^^^
  File "D:\Music bot\.venv\Lib\site-packages\pyrogram\methods\advanced\invoke.py", line 79, in invoke
    r = await self.session.invoke(
        ^^^^^^^^^^^^^^^^^^^^^^^^^^
  File "D:\Music bot\.venv\Lib\site-packages\pyrogram\session\session.py", line 389, in invoke
    return await self.send(query, timeout=timeout)
           ^^^^^^^^^^^^^^^^^^^^^^^^^^^^^^^^^^^^^^^
  File "D:\Music bot\.venv\Lib\site-packages\pyrogram\session\session.py", line 357, in send
    RPCError.raise_it(result, type(data))
  File "D:\Music bot\.venv\Lib\site-packages\pyrogram\errors\rpc_error.py", line 91, in raise_it
    raise getattr(
pyrogram.errors.exceptions.bad_request_400.MessageTooLong: Telegram says: [400 MESSAGE_TOO_LONG] - The message text is too long (caused by "messages.SetBotCallbackAnswer")
2026-03-31 01:00:40 - bot.utils.supabase_db - ERROR - Error checking gban: {'message': "Could not find the table 'public.gbanned' in the schema cache", 'code': 'PGRST205', 'hint': None, 'details': None}
2026-03-31 01:00:40 - bot.utils.supabase_db - ERROR - Error checking sudo: {'message': "Could not find the table 'public.sudo_users' in the schema cache", 'code': 'PGRST205', 'hint': None, 'details': None}
2026-03-31 01:00:40 - bot.utils.permissions - ERROR - Error checking admin status: 'NoneType' object has no attribute 'get_chat_member'
2026-03-31 01:00:40 - pyrogram.dispatcher - ERROR - Telegram says: [400 MESSAGE_TOO_LONG] - The message text is too long (caused by "messages.SetBotCallbackAnswer")
Traceback (most recent call last):
  File "D:\Music bot\.venv\Lib\site-packages\pyrogram\dispatcher.py", line 240, in handler_worker
    await handler.callback(self.client, *args)
  File "D:\Music bot\bot\plugins\callbacks.py", line 61, in callback_handler
    await handler(client, callback, chat_id)
  File "D:\Music bot\bot\plugins\callbacks.py", line 221, in handle_help_info
    await callback.answer(text, show_alert=True)
  File "D:\Music bot\.venv\Lib\site-packages\pyrogram\types\bots_and_keyboards\callback_query.py", line 159, in answer
    return await self._client.answer_callback_query(
           ^^^^^^^^^^^^^^^^^^^^^^^^^^^^^^^^^^^^^^^^^
  File "D:\Music bot\.venv\Lib\site-packages\pyrogram\methods\bots\answer_callback_query.py", line 73, in answer_callback_query
    return await self.invoke(
           ^^^^^^^^^^^^^^^^^^
  File "D:\Music bot\.venv\Lib\site-packages\pyrogram\methods\advanced\invoke.py", line 79, in invoke
    r = await self.session.invoke(
        ^^^^^^^^^^^^^^^^^^^^^^^^^^
  File "D:\Music bot\.venv\Lib\site-packages\pyrogram\session\session.py", line 389, in invoke
    return await self.send(query, timeout=timeout)
           ^^^^^^^^^^^^^^^^^^^^^^^^^^^^^^^^^^^^^^^
  File "D:\Music bot\.venv\Lib\site-packages\pyrogram\session\session.py", line 357, in send
    RPCError.raise_it(result, type(data))
  File "D:\Music bot\.venv\Lib\site-packages\pyrogram\errors\rpc_error.py", line 91, in raise_it
    raise getattr(
pyrogram.errors.exceptions.bad_request_400.MessageTooLong: Telegram says: [400 MESSAGE_TOO_LONG] - The message text is too long (caused by "messages.SetBotCallbackAnswer")
2026-03-31 01:03:02 - bot.utils.supabase_db - ERROR - Error checking gban: {'message': "Could not find the table 'public.gbanned' in the schema cache", 'code': 'PGRST205', 'hint': None, 'details': None}
2026-03-31 01:03:03 - bot.utils.supabase_db - ERROR - Error checking sudo: {'message': "Could not find the table 'public.sudo_users' in the schema cache", 'code': 'PGRST205', 'hint': None, 'details': None}
2026-03-31 01:03:03 - bot.utils.permissions - ERROR - Error checking admin status: 'NoneType' object has no attribute 'get_chat_member'
2026-03-31 01:03:22 - bot.utils.supabase_db - ERROR - Error checking gban: {'message': "Could not find the table 'public.gbanned' in the schema cache", 'code': 'PGRST205', 'hint': None, 'details': None}
2026-03-31 01:03:23 - bot.utils.supabase_db - ERROR - Error checking sudo: {'message': "Could not find the table 'public.sudo_users' in the schema cache", 'code': 'PGRST205', 'hint': None, 'details': None}
2026-03-31 01:03:23 - bot.utils.permissions - ERROR - Error checking admin status: 'NoneType' object has no attribute 'get_chat_member'
2026-03-31 08:57:38 - bot.core.music_backend - ERROR - JioSaavn search error: 200, message='Attempt to decode JSON with unexpected mimetype: text/html; charset=utf-8', url='https://www.jiosaavn.com/api.php?_format=json&_marker=0&api_version=4&ctx=web6dot0&q=Aakhri+Ishq&n=5&p=1&caller=PWA&saavn_app=2&__call=search.getResults'
2026-03-31 08:57:39 - bot.plugins.play - ERROR - play_cmd failed
Traceback (most recent call last):
  File "D:\Music bot\bot\plugins\play.py", line 139, in play_cmd
    result = await conflict_resolver.search_with_conflicts(
             ^^^^^^^^^^^^^^^^^^^^^^^^^^^^^^^^^^^^^^^^^^^^^^
  File "D:\Music bot\bot\utils\title_detector.py", line 200, in search_with_conflicts
    url = track.get('url', '')
          ^^^^^^^^^
AttributeError: 'Track' object has no attribute 'get'
2026-03-31 09:01:19 - bot.plugins.play - ERROR - play_cmd failed
Traceback (most recent call last):
  File "D:\Music bot\bot\plugins\play.py", line 154, in play_cmd
    await _show_conflict_options(message, chat_id, user_id, result["conflicts"], search_msg)
  File "D:\Music bot\bot\plugins\play.py", line 554, in _show_conflict_options
    t_title = (t.get("title", "?") or "?")
               ^^^^^
AttributeError: 'Track' object has no attribute 'get'
2026-03-31 09:03:13 - pyrogram.dispatcher - ERROR - cannot import name 'add_track_and_play' from 'bot.plugins.play' (D:\Music bot\bot\plugins\play.py)
Traceback (most recent call last):
  File "D:\Music bot\.venv\Lib\site-packages\pyrogram\dispatcher.py", line 240, in handler_worker
    await handler.callback(self.client, *args)
  File "D:\Music bot\bot\plugins\callbacks.py", line 27, in callback_handler
    await handle_play_select(client, callback, chat_id, user_id, data)
  File "D:\Music bot\bot\plugins\callbacks.py", line 243, in handle_play_select
    from bot.plugins.play import _pending_conflicts, add_track_and_play
ImportError: cannot import name 'add_track_and_play' from 'bot.plugins.play' (D:\Music bot\bot\plugins\play.py)
2026-03-31 13:03:41 - bot.core.music_backend - ERROR - JioSaavn stream error: Invalid variable type: value should be str, int or float, got None of type <class 'NoneType'>
2026-03-31 13:03:41 - bot.plugins.play - ERROR - Track has no URL and resolution failed in chat -1003746870661: {'title': 'Aakhri Ishq', 'url': '', 'duration': 0, 'thumb': 'https://c.saavncdn.com/581/Dhurandhar-The-Revenge-Hindi-2026-20260324162314-500x500.jpg', 'requested_by': 5558942656, 'source': 'jiosaavn', 'position': 0}
2026-03-31 13:21:56 - bot.core.music_backend - ERROR - JioSaavn stream error: 200, message='Attempt to decode JSON with unexpected mimetype: text/html; charset=utf-8', url='https://www.jiosaavn.com/api.php?_format=json&_marker=0&api_version=4&ctx=web6dot0&caller=PWA&saavn_app=2&__call=song.getDetails&pids=uvFc_tcD'
2026-03-31 13:21:56 - bot.plugins.play - ERROR - Track has no URL and resolution failed in chat -1003746870661: {'title': 'Aakhri Ishq', 'url': '', 'duration': 0, 'thumb': 'https://c.saavncdn.com/581/Dhurandhar-The-Revenge-Hindi-2026-20260324162314-500x500.jpg', 'requested_by': 5558942656, 'source': 'jiosaavn', 'id': 'uvFc_tcD', 'uploader': 'Unknown Artist', 'position': 0}
2026-03-31 13:32:14 - bot.plugins.play - ERROR - start_playback failed in -1003746870661
Traceback (most recent call last):
  File "D:\Music bot\bot\plugins\play.py", line 325, in start_playback
    await call_manager.play(chat_id, url, video=is_video)
  File "D:\Music bot\bot\core\call.py", line 110, in play
    stream = self._build_stream(stream_url, video=video, seek=seek)
             ^^^^^^^^^^^^^^^^^^^^^^^^^^^^^^^^^^^^^^^^^^^^^^^^^^^^^^
  File "D:\Music bot\bot\core\call.py", line 252, in _build_stream
    from pytgcalls.types import AudioConfig, VideoConfig
ImportError: cannot import name 'AudioConfig' from 'pytgcalls.types' (D:\Music bot\.venv\Lib\site-packages\pytgcalls\types\__init__.py)
2026-03-31 13:37:31 - bot.core.call - ERROR - Playback failed in -1003746870661: Telegram says: [400 BOT_METHOD_INVALID] - The method can't be used by bots (caused by "phone.CreateGroupCall")
2026-03-31 13:37:31 - bot.plugins.play - ERROR - start_playback failed in -1003746870661
Traceback (most recent call last):
  File "D:\Music bot\bot\plugins\play.py", line 325, in start_playback
    await call_manager.play(chat_id, url, video=is_video)
  File "D:\Music bot\bot\core\call.py", line 125, in play
    await call.play(chat_id, stream)
  File "D:\Music bot\.venv\Lib\site-packages\pytgcalls\statictypes.py", line 96, in async_wrapper
    return await func(*args, **kwargs)
           ^^^^^^^^^^^^^^^^^^^^^^^^^^^
  File "D:\Music bot\.venv\Lib\site-packages\pytgcalls\mtproto_required.py", line 23, in async_wrapper
    return await func(*args, **kwargs)
           ^^^^^^^^^^^^^^^^^^^^^^^^^^^
  File "D:\Music bot\.venv\Lib\site-packages\pytgcalls\mutex.py", line 12, in async_wrapper
    return await func(*args, **kwargs)
           ^^^^^^^^^^^^^^^^^^^^^^^^^^^
  File "D:\Music bot\.venv\Lib\site-packages\pytgcalls\methods\stream\play.py", line 74, in play
    await self._app.create_group_call(
  File "D:\Music bot\.venv\Lib\site-packages\pytgcalls\mtproto\mtproto_client.py", line 183, in create_group_call
    await self._bind_client.create_group_call(
  File "D:\Music bot\.venv\Lib\site-packages\pytgcalls\mtproto\pyrogram_client.py", line 596, in create_group_call
    result: Updates = await self._invoke(
                      ^^^^^^^^^^^^^^^^^^^
  File "D:\Music bot\.venv\Lib\site-packages\pytgcalls\mtproto\pyrogram_client.py", line 840, in _invoke
    return await session.invoke(
           ^^^^^^^^^^^^^^^^^^^^^
  File "D:\Music bot\.venv\Lib\site-packages\pyrogram\methods\advanced\invoke.py", line 79, in invoke
    r = await self.session.invoke(
        ^^^^^^^^^^^^^^^^^^^^^^^^^^
  File "D:\Music bot\.venv\Lib\site-packages\pyrogram\session\session.py", line 389, in invoke
    return await self.send(query, timeout=timeout)
           ^^^^^^^^^^^^^^^^^^^^^^^^^^^^^^^^^^^^^^^
  File "D:\Music bot\.venv\Lib\site-packages\pyrogram\session\session.py", line 357, in send
    RPCError.raise_it(result, type(data))
  File "D:\Music bot\.venv\Lib\site-packages\pyrogram\errors\rpc_error.py", line 91, in raise_it
    raise getattr(
pyrogram.errors.exceptions.bad_request_400.BotMethodInvalid: Telegram says: [400 BOT_METHOD_INVALID] - The method can't be used by bots (caused by "phone.CreateGroupCall")
2026-03-31 13:42:31 - bot.core.call - ERROR - Playback failed in -1003746870661: Telegram says: [400 BOT_METHOD_INVALID] - The method can't be used by bots (caused by "phone.CreateGroupCall")
2026-03-31 13:42:31 - bot.plugins.play - ERROR - start_playback failed in -1003746870661
Traceback (most recent call last):
  File "D:\Music bot\bot\plugins\play.py", line 325, in start_playback
    await call_manager.play(chat_id, url, video=is_video)
  File "D:\Music bot\bot\core\call.py", line 125, in play
    await call.play(chat_id, stream)
  File "D:\Music bot\.venv\Lib\site-packages\pytgcalls\statictypes.py", line 96, in async_wrapper
    return await func(*args, **kwargs)
           ^^^^^^^^^^^^^^^^^^^^^^^^^^^
  File "D:\Music bot\.venv\Lib\site-packages\pytgcalls\mtproto_required.py", line 23, in async_wrapper
    return await func(*args, **kwargs)
           ^^^^^^^^^^^^^^^^^^^^^^^^^^^
  File "D:\Music bot\.venv\Lib\site-packages\pytgcalls\mutex.py", line 12, in async_wrapper
    return await func(*args, **kwargs)
           ^^^^^^^^^^^^^^^^^^^^^^^^^^^
  File "D:\Music bot\.venv\Lib\site-packages\pytgcalls\methods\stream\play.py", line 74, in play
    await self._app.create_group_call(
  File "D:\Music bot\.venv\Lib\site-packages\pytgcalls\mtproto\mtproto_client.py", line 183, in create_group_call
    await self._bind_client.create_group_call(
  File "D:\Music bot\.venv\Lib\site-packages\pytgcalls\mtproto\pyrogram_client.py", line 596, in create_group_call
    result: Updates = await self._invoke(
                      ^^^^^^^^^^^^^^^^^^^
  File "D:\Music bot\.venv\Lib\site-packages\pytgcalls\mtproto\pyrogram_client.py", line 840, in _invoke
    return await session.invoke(
           ^^^^^^^^^^^^^^^^^^^^^
  File "D:\Music bot\.venv\Lib\site-packages\pyrogram\methods\advanced\invoke.py", line 79, in invoke
    r = await self.session.invoke(
        ^^^^^^^^^^^^^^^^^^^^^^^^^^
  File "D:\Music bot\.venv\Lib\site-packages\pyrogram\session\session.py", line 389, in invoke
    return await self.send(query, timeout=timeout)
           ^^^^^^^^^^^^^^^^^^^^^^^^^^^^^^^^^^^^^^^
  File "D:\Music bot\.venv\Lib\site-packages\pyrogram\session\session.py", line 357, in send
    RPCError.raise_it(result, type(data))
  File "D:\Music bot\.venv\Lib\site-packages\pyrogram\errors\rpc_error.py", line 91, in raise_it
    raise getattr(
pyrogram.errors.exceptions.bad_request_400.BotMethodInvalid: Telegram says: [400 BOT_METHOD_INVALID] - The method can't be used by bots (caused by "phone.CreateGroupCall")
2026-03-31 13:46:05 - asyncio - ERROR - Unclosed client session
client_session: <aiohttp.client.ClientSession object at 0x000001CD1B23FC50>
2026-03-31 13:56:36 - bot.core.call - ERROR - Playback failed in -1003746870661: Peer id invalid: -1003746870661
2026-03-31 13:56:36 - bot.plugins.play - ERROR - start_playback failed in -1003746870661
Traceback (most recent call last):
  File "D:\Music bot\.venv\Lib\site-packages\pyrogram\methods\advanced\resolve_peer.py", line 62, in resolve_peer
    return await self.storage.get_peer_by_id(peer_id)
           ^^^^^^^^^^^^^^^^^^^^^^^^^^^^^^^^^^^^^^^^^^
  File "D:\Music bot\.venv\Lib\site-packages\pyrogram\storage\sqlite_storage.py", line 142, in get_peer_by_id
    raise KeyError(f"ID not found: {peer_id}")
KeyError: 'ID not found: -1003746870661'

During handling of the above exception, another exception occurred:

Traceback (most recent call last):
  File "D:\Music bot\bot\plugins\play.py", line 325, in start_playback
    await call_manager.play(chat_id, url, video=is_video)
  File "D:\Music bot\bot\core\call.py", line 125, in play
    await call.play(chat_id, stream)
  File "D:\Music bot\.venv\Lib\site-packages\pytgcalls\statictypes.py", line 96, in async_wrapper
    return await func(*args, **kwargs)
           ^^^^^^^^^^^^^^^^^^^^^^^^^^^
  File "D:\Music bot\.venv\Lib\site-packages\pytgcalls\mtproto_required.py", line 23, in async_wrapper
    return await func(*args, **kwargs)
           ^^^^^^^^^^^^^^^^^^^^^^^^^^^
  File "D:\Music bot\.venv\Lib\site-packages\pytgcalls\mutex.py", line 12, in async_wrapper
    return await func(*args, **kwargs)
           ^^^^^^^^^^^^^^^^^^^^^^^^^^^
  File "D:\Music bot\.venv\Lib\site-packages\pytgcalls\methods\stream\play.py", line 74, in play
    await self._app.create_group_call(
  File "D:\Music bot\.venv\Lib\site-packages\pytgcalls\mtproto\mtproto_client.py", line 183, in create_group_call
    await self._bind_client.create_group_call(
  File "D:\Music bot\.venv\Lib\site-packages\pytgcalls\mtproto\pyrogram_client.py", line 598, in create_group_call
    peer=await self.resolve_peer(chat_id),
         ^^^^^^^^^^^^^^^^^^^^^^^^^^^^^^^^
  File "D:\Music bot\.venv\Lib\site-packages\pytgcalls\mtproto\pyrogram_client.py", line 769, in resolve_peer
    return await self._app.resolve_peer(user_id)
           ^^^^^^^^^^^^^^^^^^^^^^^^^^^^^^^^^^^^^
  File "D:\Music bot\.venv\Lib\site-packages\pyrogram\methods\advanced\resolve_peer.py", line 89, in resolve_peer
    peer_type = utils.get_peer_type(peer_id)
                ^^^^^^^^^^^^^^^^^^^^^^^^^^^^
  File "D:\Music bot\.venv\Lib\site-packages\pyrogram\utils.py", line 246, in get_peer_type
    raise ValueError(f"Peer id invalid: {peer_id}")
ValueError: Peer id invalid: -1003746870661
